---------------------------------------------------------------
[ 2018-05-01T22:53:32+08:00 ] 0.0.0.0 GET /potato/public/
[ error ] [1]Class 'Base' not found
---------------------------------------------------------------
[ 2018-05-01T22:53:34+08:00 ] 0.0.0.0 GET /potato/public/
[ error ] [1]Class 'Base' not found
---------------------------------------------------------------
[ 2018-05-01T22:53:46+08:00 ] 0.0.0.0 GET /potato/public/index.php
[ error ] [1]Class 'Base' not found
---------------------------------------------------------------
[ 2018-05-01T22:55:16+08:00 ] 0.0.0.0 GET /potato/public/index.php
[ info ] localhost/potato/public/index.php [运行时间：0.189563s][吞吐率：5.28req/s] [内存消耗：1,543.39kb] [文件加载：40]
[ info ] [ LANG ] C:\wamp\www\potato\thinkphp\lang\zh-cn.php
[ info ] [ ROUTE ] array (
  'type' => 'module',
  'module' => 
  array (
    0 => '',
    1 => NULL,
    2 => NULL,
  ),
)
[ info ] [ HEADER ] array (
  'host' => 'localhost',
  'connection' => 'keep-alive',
  'cache-control' => 'max-age=0',
  'upgrade-insecure-requests' => '1',
  'user-agent' => 'Mozilla/5.0 (Linux; Android 6.0; Nexus 5 Build/MRA58N) AppleWebKit/537.36 (KHTML, like Gecko) Chrome/63.0.3239.132 Mobile Safari/537.36',
  'accept' => 'text/html,application/xhtml+xml,application/xml;q=0.9,image/webp,image/apng,*/*;q=0.8',
  'accept-encoding' => 'gzip, deflate, br',
  'accept-language' => 'zh-CN,zh;q=0.9',
  'cookie' => 'pgv_pvi=6639641600; Hm_lvt_b393d153aeb26b46e9431fabaf0f6190=1520590223,1520820119,1520983727,1521353180; PHPSESSID=cglc3umntdp0g1sbe8ck5eti04; admin_username=root; pgv_si=s3891678208',
)
[ info ] [ PARAM ] array (
)
[ info ] [ LOG ] INIT File
[ error ] [1]Class 'Base' not found[C:\wamp\www\potato\application\index\controller\Index.php:4]
---------------------------------------------------------------
[ 2018-05-01T22:56:31+08:00 ] 0.0.0.0 GET /potato/public/index.php
[ info ] localhost/potato/public/index.php [运行时间：0.565412s][吞吐率：1.77req/s] [内存消耗：1,602.14kb] [文件加载：43]
[ info ] [ LANG ] C:\wamp\www\potato\thinkphp\lang\zh-cn.php
[ info ] [ ROUTE ] array (
  'type' => 'module',
  'module' => 
  array (
    0 => '',
    1 => NULL,
    2 => NULL,
  ),
)
[ info ] [ HEADER ] array (
  'host' => 'localhost',
  'connection' => 'keep-alive',
  'cache-control' => 'max-age=0',
  'upgrade-insecure-requests' => '1',
  'user-agent' => 'Mozilla/5.0 (Linux; Android 6.0; Nexus 5 Build/MRA58N) AppleWebKit/537.36 (KHTML, like Gecko) Chrome/63.0.3239.132 Mobile Safari/537.36',
  'accept' => 'text/html,application/xhtml+xml,application/xml;q=0.9,image/webp,image/apng,*/*;q=0.8',
  'accept-encoding' => 'gzip, deflate, br',
  'accept-language' => 'zh-CN,zh;q=0.9',
  'cookie' => 'pgv_pvi=6639641600; Hm_lvt_b393d153aeb26b46e9431fabaf0f6190=1520590223,1520820119,1520983727,1521353180; PHPSESSID=cglc3umntdp0g1sbe8ck5eti04; admin_username=root; pgv_si=s3891678208',
)
[ info ] [ PARAM ] array (
)
[ info ] [ LOG ] INIT File
---------------------------------------------------------------
[ 2018-05-01T22:57:14+08:00 ] 0.0.0.0 GET /potato/public/index.php
[ info ] localhost/potato/public/index.php [运行时间：0.089254s][吞吐率：11.20req/s] [内存消耗：1,602.14kb] [文件加载：43]
[ info ] [ LANG ] C:\wamp\www\potato\thinkphp\lang\zh-cn.php
[ info ] [ ROUTE ] array (
  'type' => 'module',
  'module' => 
  array (
    0 => '',
    1 => NULL,
    2 => NULL,
  ),
)
[ info ] [ HEADER ] array (
  'host' => 'localhost',
  'connection' => 'keep-alive',
  'cache-control' => 'max-age=0',
  'upgrade-insecure-requests' => '1',
  'user-agent' => 'Mozilla/5.0 (Linux; Android 6.0; Nexus 5 Build/MRA58N) AppleWebKit/537.36 (KHTML, like Gecko) Chrome/63.0.3239.132 Mobile Safari/537.36',
  'accept' => 'text/html,application/xhtml+xml,application/xml;q=0.9,image/webp,image/apng,*/*;q=0.8',
  'accept-encoding' => 'gzip, deflate, br',
  'accept-language' => 'zh-CN,zh;q=0.9',
  'cookie' => 'pgv_pvi=6639641600; Hm_lvt_b393d153aeb26b46e9431fabaf0f6190=1520590223,1520820119,1520983727,1521353180; PHPSESSID=cglc3umntdp0g1sbe8ck5eti04; admin_username=root; pgv_si=s3891678208',
)
[ info ] [ PARAM ] array (
)
[ info ] [ LOG ] INIT File
---------------------------------------------------------------
[ 2018-05-01T22:57:16+08:00 ] 0.0.0.0 GET /potato/public/index.php
[ info ] localhost/potato/public/index.php [运行时间：0.088899s][吞吐率：11.25req/s] [内存消耗：1,602.14kb] [文件加载：43]
[ info ] [ LANG ] C:\wamp\www\potato\thinkphp\lang\zh-cn.php
[ info ] [ ROUTE ] array (
  'type' => 'module',
  'module' => 
  array (
    0 => '',
    1 => NULL,
    2 => NULL,
  ),
)
[ info ] [ HEADER ] array (
  'host' => 'localhost',
  'connection' => 'keep-alive',
  'cache-control' => 'max-age=0',
  'upgrade-insecure-requests' => '1',
  'user-agent' => 'Mozilla/5.0 (Linux; Android 6.0; Nexus 5 Build/MRA58N) AppleWebKit/537.36 (KHTML, like Gecko) Chrome/63.0.3239.132 Mobile Safari/537.36',
  'accept' => 'text/html,application/xhtml+xml,application/xml;q=0.9,image/webp,image/apng,*/*;q=0.8',
  'accept-encoding' => 'gzip, deflate, br',
  'accept-language' => 'zh-CN,zh;q=0.9',
  'cookie' => 'pgv_pvi=6639641600; Hm_lvt_b393d153aeb26b46e9431fabaf0f6190=1520590223,1520820119,1520983727,1521353180; PHPSESSID=cglc3umntdp0g1sbe8ck5eti04; admin_username=root; pgv_si=s3891678208',
)
[ info ] [ PARAM ] array (
)
[ info ] [ LOG ] INIT File
---------------------------------------------------------------
[ 2018-05-01T22:57:17+08:00 ] 0.0.0.0 GET /potato/public/index.php
[ info ] localhost/potato/public/index.php [运行时间：0.081486s][吞吐率：12.27req/s] [内存消耗：1,602.14kb] [文件加载：43]
[ info ] [ LANG ] C:\wamp\www\potato\thinkphp\lang\zh-cn.php
[ info ] [ ROUTE ] array (
  'type' => 'module',
  'module' => 
  array (
    0 => '',
    1 => NULL,
    2 => NULL,
  ),
)
[ info ] [ HEADER ] array (
  'host' => 'localhost',
  'connection' => 'keep-alive',
  'cache-control' => 'max-age=0',
  'upgrade-insecure-requests' => '1',
  'user-agent' => 'Mozilla/5.0 (Linux; Android 6.0; Nexus 5 Build/MRA58N) AppleWebKit/537.36 (KHTML, like Gecko) Chrome/63.0.3239.132 Mobile Safari/537.36',
  'accept' => 'text/html,application/xhtml+xml,application/xml;q=0.9,image/webp,image/apng,*/*;q=0.8',
  'accept-encoding' => 'gzip, deflate, br',
  'accept-language' => 'zh-CN,zh;q=0.9',
  'cookie' => 'pgv_pvi=6639641600; Hm_lvt_b393d153aeb26b46e9431fabaf0f6190=1520590223,1520820119,1520983727,1521353180; PHPSESSID=cglc3umntdp0g1sbe8ck5eti04; admin_username=root; pgv_si=s3891678208',
)
[ info ] [ PARAM ] array (
)
[ info ] [ LOG ] INIT File
---------------------------------------------------------------
[ 2018-05-01T22:58:50+08:00 ] 0.0.0.0 GET /potato/public/index.php
[ info ] localhost/potato/public/index.php [运行时间：0.283246s][吞吐率：3.53req/s] [内存消耗：1,975.45kb] [文件加载：46]
[ info ] [ LANG ] C:\wamp\www\potato\thinkphp\lang\zh-cn.php
[ info ] [ ROUTE ] array (
  'type' => 'module',
  'module' => 
  array (
    0 => '',
    1 => NULL,
    2 => NULL,
  ),
)
[ info ] [ HEADER ] array (
  'host' => 'localhost',
  'connection' => 'keep-alive',
  'cache-control' => 'max-age=0',
  'upgrade-insecure-requests' => '1',
  'user-agent' => 'Mozilla/5.0 (Linux; Android 6.0; Nexus 5 Build/MRA58N) AppleWebKit/537.36 (KHTML, like Gecko) Chrome/63.0.3239.132 Mobile Safari/537.36',
  'accept' => 'text/html,application/xhtml+xml,application/xml;q=0.9,image/webp,image/apng,*/*;q=0.8',
  'accept-encoding' => 'gzip, deflate, br',
  'accept-language' => 'zh-CN,zh;q=0.9',
  'cookie' => 'pgv_pvi=6639641600; Hm_lvt_b393d153aeb26b46e9431fabaf0f6190=1520590223,1520820119,1520983727,1521353180; PHPSESSID=cglc3umntdp0g1sbe8ck5eti04; admin_username=root; pgv_si=s3891678208',
)
[ info ] [ PARAM ] array (
)
[ info ] [ RUN ] app\index\controller\index->index[ C:\wamp\www\potato\application\index\controller\Index.php ]
[ info ] [ VIEW ] C:\wamp\www\potato\public/../application/index\view\index\login.html [ array (
) ]
[ info ] [ LOG ] INIT File
---------------------------------------------------------------
[ 2018-05-01T22:58:50+08:00 ] 0.0.0.0 GET /potato/public/index.php
[ info ] localhost/potato/public/index.php [运行时间：0.051407s][吞吐率：19.45req/s] [内存消耗：1,816.22kb] [文件加载：44]
[ info ] [ LANG ] C:\wamp\www\potato\thinkphp\lang\zh-cn.php
[ info ] [ ROUTE ] array (
  'type' => 'module',
  'module' => 
  array (
    0 => '',
    1 => NULL,
    2 => NULL,
  ),
)
[ info ] [ HEADER ] array (
  'host' => 'localhost',
  'connection' => 'keep-alive',
  'cache-control' => 'max-age=0',
  'upgrade-insecure-requests' => '1',
  'user-agent' => 'Mozilla/5.0 (Linux; Android 6.0; Nexus 5 Build/MRA58N) AppleWebKit/537.36 (KHTML, like Gecko) Chrome/63.0.3239.132 Mobile Safari/537.36',
  'accept' => 'text/html,application/xhtml+xml,application/xml;q=0.9,image/webp,image/apng,*/*;q=0.8',
  'accept-encoding' => 'gzip, deflate, br',
  'accept-language' => 'zh-CN,zh;q=0.9',
  'cookie' => 'pgv_pvi=6639641600; Hm_lvt_b393d153aeb26b46e9431fabaf0f6190=1520590223,1520820119,1520983727,1521353180; PHPSESSID=cglc3umntdp0g1sbe8ck5eti04; admin_username=root; pgv_si=s3891678208',
)
[ info ] [ PARAM ] array (
)
[ info ] [ RUN ] app\index\controller\index->index[ C:\wamp\www\potato\application\index\controller\Index.php ]
[ info ] [ VIEW ] C:\wamp\www\potato\public/../application/index\view\index\login.html [ array (
) ]
[ info ] [ LOG ] INIT File
---------------------------------------------------------------
[ 2018-05-01T22:59:10+08:00 ] 0.0.0.0 GET /potato/public/index.php
[ info ] localhost/potato/public/index.php [运行时间：0.080656s][吞吐率：12.40req/s] [内存消耗：1,816.22kb] [文件加载：44]
[ info ] [ LANG ] C:\wamp\www\potato\thinkphp\lang\zh-cn.php
[ info ] [ ROUTE ] array (
  'type' => 'module',
  'module' => 
  array (
    0 => '',
    1 => NULL,
    2 => NULL,
  ),
)
[ info ] [ HEADER ] array (
  'host' => 'localhost',
  'connection' => 'keep-alive',
  'cache-control' => 'max-age=0',
  'upgrade-insecure-requests' => '1',
  'user-agent' => 'Mozilla/5.0 (Linux; Android 6.0; Nexus 5 Build/MRA58N) AppleWebKit/537.36 (KHTML, like Gecko) Chrome/63.0.3239.132 Mobile Safari/537.36',
  'accept' => 'text/html,application/xhtml+xml,application/xml;q=0.9,image/webp,image/apng,*/*;q=0.8',
  'accept-encoding' => 'gzip, deflate, br',
  'accept-language' => 'zh-CN,zh;q=0.9',
  'cookie' => 'pgv_pvi=6639641600; Hm_lvt_b393d153aeb26b46e9431fabaf0f6190=1520590223,1520820119,1520983727,1521353180; PHPSESSID=cglc3umntdp0g1sbe8ck5eti04; admin_username=root; pgv_si=s3891678208',
)
[ info ] [ PARAM ] array (
)
[ info ] [ RUN ] app\index\controller\index->index[ C:\wamp\www\potato\application\index\controller\Index.php ]
[ info ] [ VIEW ] C:\wamp\www\potato\public/../application/index\view\index\login.html [ array (
) ]
[ info ] [ LOG ] INIT File
---------------------------------------------------------------
[ 2018-05-01T22:59:19+08:00 ] 0.0.0.0 GET /potato/public/index.php
[ info ] localhost/potato/public/index.php [运行时间：0.053985s][吞吐率：18.52req/s] [内存消耗：1,816.22kb] [文件加载：44]
[ info ] [ LANG ] C:\wamp\www\potato\thinkphp\lang\zh-cn.php
[ info ] [ ROUTE ] array (
  'type' => 'module',
  'module' => 
  array (
    0 => '',
    1 => NULL,
    2 => NULL,
  ),
)
[ info ] [ HEADER ] array (
  'host' => 'localhost',
  'connection' => 'keep-alive',
  'cache-control' => 'max-age=0',
  'upgrade-insecure-requests' => '1',
  'user-agent' => 'Mozilla/5.0 (Linux; Android 6.0; Nexus 5 Build/MRA58N) AppleWebKit/537.36 (KHTML, like Gecko) Chrome/63.0.3239.132 Mobile Safari/537.36',
  'accept' => 'text/html,application/xhtml+xml,application/xml;q=0.9,image/webp,image/apng,*/*;q=0.8',
  'accept-encoding' => 'gzip, deflate, br',
  'accept-language' => 'zh-CN,zh;q=0.9',
  'cookie' => 'pgv_pvi=6639641600; Hm_lvt_b393d153aeb26b46e9431fabaf0f6190=1520590223,1520820119,1520983727,1521353180; PHPSESSID=cglc3umntdp0g1sbe8ck5eti04; admin_username=root; pgv_si=s3891678208',
)
[ info ] [ PARAM ] array (
)
[ info ] [ RUN ] app\index\controller\index->index[ C:\wamp\www\potato\application\index\controller\Index.php ]
[ info ] [ VIEW ] C:\wamp\www\potato\public/../application/index\view\index\login.html [ array (
) ]
[ info ] [ LOG ] INIT File
---------------------------------------------------------------
[ 2018-05-01T22:59:29+08:00 ] 0.0.0.0 GET /potato/public/index.php
[ info ] localhost/potato/public/index.php [运行时间：0.036593s][吞吐率：27.33req/s] [内存消耗：1,816.14kb] [文件加载：44]
[ info ] [ LANG ] C:\wamp\www\potato\thinkphp\lang\zh-cn.php
[ info ] [ ROUTE ] array (
  'type' => 'module',
  'module' => 
  array (
    0 => '',
    1 => NULL,
    2 => NULL,
  ),
)
[ info ] [ HEADER ] array (
  'host' => 'localhost',
  'connection' => 'keep-alive',
  'cache-control' => 'max-age=0',
  'upgrade-insecure-requests' => '1',
  'user-agent' => 'Mozilla/5.0 (Windows NT 10.0; WOW64) AppleWebKit/537.36 (KHTML, like Gecko) Chrome/63.0.3239.132 Safari/537.36',
  'accept' => 'text/html,application/xhtml+xml,application/xml;q=0.9,image/webp,image/apng,*/*;q=0.8',
  'accept-encoding' => 'gzip, deflate, br',
  'accept-language' => 'zh-CN,zh;q=0.9',
  'cookie' => 'pgv_pvi=6639641600; Hm_lvt_b393d153aeb26b46e9431fabaf0f6190=1520590223,1520820119,1520983727,1521353180; PHPSESSID=cglc3umntdp0g1sbe8ck5eti04; admin_username=root; pgv_si=s3891678208',
)
[ info ] [ PARAM ] array (
)
[ info ] [ RUN ] app\index\controller\index->index[ C:\wamp\www\potato\application\index\controller\Index.php ]
[ info ] [ VIEW ] C:\wamp\www\potato\public/../application/index\view\index\login.html [ array (
) ]
[ info ] [ LOG ] INIT File
---------------------------------------------------------------
[ 2018-05-01T22:59:38+08:00 ] 0.0.0.0 GET /potato/public/index.php
[ info ] localhost/potato/public/index.php [运行时间：0.072730s][吞吐率：13.75req/s] [内存消耗：1,816.22kb] [文件加载：44]
[ info ] [ LANG ] C:\wamp\www\potato\thinkphp\lang\zh-cn.php
[ info ] [ ROUTE ] array (
  'type' => 'module',
  'module' => 
  array (
    0 => '',
    1 => NULL,
    2 => NULL,
  ),
)
[ info ] [ HEADER ] array (
  'host' => 'localhost',
  'connection' => 'keep-alive',
  'cache-control' => 'max-age=0',
  'upgrade-insecure-requests' => '1',
  'user-agent' => 'Mozilla/5.0 (Linux; Android 6.0; Nexus 5 Build/MRA58N) AppleWebKit/537.36 (KHTML, like Gecko) Chrome/63.0.3239.132 Mobile Safari/537.36',
  'accept' => 'text/html,application/xhtml+xml,application/xml;q=0.9,image/webp,image/apng,*/*;q=0.8',
  'accept-encoding' => 'gzip, deflate, br',
  'accept-language' => 'zh-CN,zh;q=0.9',
  'cookie' => 'pgv_pvi=6639641600; Hm_lvt_b393d153aeb26b46e9431fabaf0f6190=1520590223,1520820119,1520983727,1521353180; PHPSESSID=cglc3umntdp0g1sbe8ck5eti04; admin_username=root; pgv_si=s3891678208',
)
[ info ] [ PARAM ] array (
)
[ info ] [ RUN ] app\index\controller\index->index[ C:\wamp\www\potato\application\index\controller\Index.php ]
[ info ] [ VIEW ] C:\wamp\www\potato\public/../application/index\view\index\login.html [ array (
) ]
[ info ] [ LOG ] INIT File
---------------------------------------------------------------
[ 2018-05-01T23:00:28+08:00 ] 0.0.0.0 GET /potato/public/index.php
[ info ] localhost/potato/public/index.php [运行时间：0.085105s][吞吐率：11.75req/s] [内存消耗：1,816.30kb] [文件加载：44]
[ info ] [ LANG ] C:\wamp\www\potato\thinkphp\lang\zh-cn.php
[ info ] [ ROUTE ] array (
  'type' => 'module',
  'module' => 
  array (
    0 => '',
    1 => NULL,
    2 => NULL,
  ),
)
[ info ] [ HEADER ] array (
  'host' => 'localhost',
  'connection' => 'keep-alive',
  'cache-control' => 'max-age=0',
  'upgrade-insecure-requests' => '1',
  'user-agent' => 'Mozilla/5.0 (Linux; Android 6.0; Nexus 5 Build/MRA58N) AppleWebKit/537.36 (KHTML, like Gecko) Chrome/63.0.3239.132 Mobile Safari/537.36',
  'accept' => 'text/html,application/xhtml+xml,application/xml;q=0.9,image/webp,image/apng,*/*;q=0.8',
  'accept-encoding' => 'gzip, deflate, br',
  'accept-language' => 'zh-CN,zh;q=0.9',
  'cookie' => 'pgv_pvi=6639641600; Hm_lvt_b393d153aeb26b46e9431fabaf0f6190=1520590223,1520820119,1520983727,1521353180; PHPSESSID=cglc3umntdp0g1sbe8ck5eti04; admin_username=root; pgv_si=s3891678208',
)
[ info ] [ PARAM ] array (
)
[ info ] [ RUN ] app\index\controller\index->index[ C:\wamp\www\potato\application\index\controller\Index.php ]
[ info ] [ VIEW ] C:\wamp\www\potato\public/../application/index\view\index\login.html [ array (
) ]
[ info ] [ LOG ] INIT File
---------------------------------------------------------------
[ 2018-05-01T23:00:28+08:00 ] 0.0.0.0 GET /potato/public/js/xadmin.js
[ info ] localhost/potato/public/js/xadmin.js [运行时间：0.061186s][吞吐率：16.34req/s] [内存消耗：1,530.27kb] [文件加载：38]
[ info ] [ LANG ] C:\wamp\www\potato\thinkphp\lang\zh-cn.php
[ info ] [ ROUTE ] array (
  'type' => 'module',
  'module' => 
  array (
    0 => 'js',
    1 => 'xadmin',
    2 => NULL,
  ),
)
[ info ] [ HEADER ] array (
  'host' => 'localhost',
  'connection' => 'keep-alive',
  'user-agent' => 'Mozilla/5.0 (Linux; Android 6.0; Nexus 5 Build/MRA58N) AppleWebKit/537.36 (KHTML, like Gecko) Chrome/63.0.3239.132 Mobile Safari/537.36',
  'accept' => '*/*',
  'referer' => 'http://localhost/potato/public/index.php',
  'accept-encoding' => 'gzip, deflate, br',
  'accept-language' => 'zh-CN,zh;q=0.9',
  'cookie' => 'pgv_pvi=6639641600; Hm_lvt_b393d153aeb26b46e9431fabaf0f6190=1520590223,1520820119,1520983727,1521353180; PHPSESSID=cglc3umntdp0g1sbe8ck5eti04; admin_username=root; pgv_si=s3891678208',
)
[ info ] [ PARAM ] array (
)
[ info ] [ LOG ] INIT File
---------------------------------------------------------------
[ 2018-05-01T23:00:29+08:00 ] 0.0.0.0 GET /potato/public/js/xadmin.js
[ info ] localhost/potato/public/js/xadmin.js [运行时间：0.036704s][吞吐率：27.24req/s] [内存消耗：1,530.27kb] [文件加载：38]
[ info ] [ LANG ] C:\wamp\www\potato\thinkphp\lang\zh-cn.php
[ info ] [ ROUTE ] array (
  'type' => 'module',
  'module' => 
  array (
    0 => 'js',
    1 => 'xadmin',
    2 => NULL,
  ),
)
[ info ] [ HEADER ] array (
  'host' => 'localhost',
  'connection' => 'keep-alive',
  'user-agent' => 'Mozilla/5.0 (Linux; Android 6.0; Nexus 5 Build/MRA58N) AppleWebKit/537.36 (KHTML, like Gecko) Chrome/63.0.3239.132 Mobile Safari/537.36',
  'accept' => '*/*',
  'referer' => 'http://localhost/potato/public/index.php',
  'accept-encoding' => 'gzip, deflate, br',
  'accept-language' => 'zh-CN,zh;q=0.9',
  'cookie' => 'pgv_pvi=6639641600; Hm_lvt_b393d153aeb26b46e9431fabaf0f6190=1520590223,1520820119,1520983727,1521353180; PHPSESSID=cglc3umntdp0g1sbe8ck5eti04; admin_username=root; pgv_si=s3891678208',
)
[ info ] [ PARAM ] array (
)
[ info ] [ LOG ] INIT File
---------------------------------------------------------------
[ 2018-05-01T23:48:05+08:00 ] 0.0.0.0 GET /potato/public/
[ info ] localhost/potato/public/ [运行时间：0.209951s][吞吐率：4.76req/s] [内存消耗：2,057.56kb] [文件加载：47]
[ info ] [ LANG ] C:\wamp\www\potato\thinkphp\lang\zh-cn.php
[ info ] [ ROUTE ] array (
  'type' => 'module',
  'module' => 
  array (
    0 => '',
    1 => NULL,
    2 => NULL,
  ),
)
[ info ] [ HEADER ] array (
  'host' => 'localhost',
  'connection' => 'keep-alive',
  'upgrade-insecure-requests' => '1',
  'user-agent' => 'Mozilla/5.0 (Windows NT 10.0; WOW64) AppleWebKit/537.36 (KHTML, like Gecko) Chrome/63.0.3239.132 Safari/537.36',
  'accept' => 'text/html,application/xhtml+xml,application/xml;q=0.9,image/webp,image/apng,*/*;q=0.8',
  'referer' => 'http://localhost/potato/',
  'accept-encoding' => 'gzip, deflate, br',
  'accept-language' => 'zh-CN,zh;q=0.9',
  'cookie' => 'pgv_pvi=6639641600; PHPSESSID=cglc3umntdp0g1sbe8ck5eti04; admin_username=root; pgv_si=s3891678208; Hm_lvt_b393d153aeb26b46e9431fabaf0f6190=1525186830; Hm_lpvt_b393d153aeb26b46e9431fabaf0f6190=1525186830',
)
[ info ] [ PARAM ] array (
)
[ info ] [ RUN ] app\index\controller\index->index[ C:\wamp\www\potato\application\index\controller\Index.php ]
[ info ] [ VIEW ] C:\wamp\www\potato\public/../application/index\view\index\login.html [ array (
) ]
[ info ] [ LOG ] INIT File
---------------------------------------------------------------
[ 2018-05-01T23:48:05+08:00 ] 0.0.0.0 GET /potato/public/js/xadmin.js
[ info ] localhost/potato/public/js/xadmin.js [运行时间：0.066286s][吞吐率：15.09req/s] [内存消耗：1,530.19kb] [文件加载：38]
[ info ] [ LANG ] C:\wamp\www\potato\thinkphp\lang\zh-cn.php
[ info ] [ ROUTE ] array (
  'type' => 'module',
  'module' => 
  array (
    0 => 'js',
    1 => 'xadmin',
    2 => NULL,
  ),
)
[ info ] [ HEADER ] array (
  'host' => 'localhost',
  'connection' => 'keep-alive',
  'user-agent' => 'Mozilla/5.0 (Windows NT 10.0; WOW64) AppleWebKit/537.36 (KHTML, like Gecko) Chrome/63.0.3239.132 Safari/537.36',
  'accept' => '*/*',
  'referer' => 'http://localhost/potato/public/',
  'accept-encoding' => 'gzip, deflate, br',
  'accept-language' => 'zh-CN,zh;q=0.9',
  'cookie' => 'pgv_pvi=6639641600; PHPSESSID=cglc3umntdp0g1sbe8ck5eti04; admin_username=root; pgv_si=s3891678208; Hm_lvt_b393d153aeb26b46e9431fabaf0f6190=1525186830; Hm_lpvt_b393d153aeb26b46e9431fabaf0f6190=1525186830',
)
[ info ] [ PARAM ] array (
)
[ info ] [ LOG ] INIT File
---------------------------------------------------------------
[ 2018-05-01T23:48:05+08:00 ] 0.0.0.0 GET /potato/public/captcha
[ info ] localhost/potato/public/captcha [运行时间：0.122726s][吞吐率：8.15req/s] [内存消耗：1,553.95kb] [文件加载：37]
[ info ] [ LANG ] C:\wamp\www\potato\thinkphp\lang\zh-cn.php
[ info ] [ ROUTE ] array (
  'type' => 'method',
  'method' => 
  array (
    0 => '\\think\\captcha\\CaptchaController',
    1 => 'index',
  ),
  'var' => 
  array (
  ),
)
[ info ] [ HEADER ] array (
  'host' => 'localhost',
  'connection' => 'keep-alive',
  'user-agent' => 'Mozilla/5.0 (Windows NT 10.0; WOW64) AppleWebKit/537.36 (KHTML, like Gecko) Chrome/63.0.3239.132 Safari/537.36',
  'accept' => 'image/webp,image/apng,image/*,*/*;q=0.8',
  'referer' => 'http://localhost/potato/public/',
  'accept-encoding' => 'gzip, deflate, br',
  'accept-language' => 'zh-CN,zh;q=0.9',
  'cookie' => 'pgv_pvi=6639641600; PHPSESSID=cglc3umntdp0g1sbe8ck5eti04; admin_username=root; pgv_si=s3891678208; Hm_lvt_b393d153aeb26b46e9431fabaf0f6190=1525186830; Hm_lpvt_b393d153aeb26b46e9431fabaf0f6190=1525186830',
)
[ info ] [ PARAM ] array (
  'id' => NULL,
)
[ info ] [ RUN ] think\captcha\CaptchaController->index[ C:\wamp\www\potato\vendor\topthink\think-captcha\src\CaptchaController.php ]
[ info ] [ SESSION ] INIT array (
  'id' => '',
  'var_session_id' => '',
  'prefix' => 'think',
  'type' => '',
  'auto_start' => true,
)
[ info ] [ LOG ] INIT File
---------------------------------------------------------------
[ 2018-05-01T23:50:01+08:00 ] 0.0.0.0 GET /potato/public/
[ info ] localhost/potato/public/ [运行时间：0.112585s][吞吐率：8.88req/s] [内存消耗：2,057.95kb] [文件加载：47]
[ info ] [ LANG ] C:\wamp\www\potato\thinkphp\lang\zh-cn.php
[ info ] [ ROUTE ] array (
  'type' => 'module',
  'module' => 
  array (
    0 => '',
    1 => NULL,
    2 => NULL,
  ),
)
[ info ] [ HEADER ] array (
  'host' => 'localhost',
  'connection' => 'keep-alive',
  'cache-control' => 'max-age=0',
  'upgrade-insecure-requests' => '1',
  'user-agent' => 'Mozilla/5.0 (Windows NT 10.0; WOW64) AppleWebKit/537.36 (KHTML, like Gecko) Chrome/63.0.3239.132 Safari/537.36',
  'accept' => 'text/html,application/xhtml+xml,application/xml;q=0.9,image/webp,image/apng,*/*;q=0.8',
  'referer' => 'http://localhost/potato/',
  'accept-encoding' => 'gzip, deflate, br',
  'accept-language' => 'zh-CN,zh;q=0.9',
  'cookie' => 'pgv_pvi=6639641600; PHPSESSID=cglc3umntdp0g1sbe8ck5eti04; admin_username=root; pgv_si=s3891678208; Hm_lvt_b393d153aeb26b46e9431fabaf0f6190=1525186830; Hm_lpvt_b393d153aeb26b46e9431fabaf0f6190=1525189685',
)
[ info ] [ PARAM ] array (
)
[ info ] [ RUN ] app\index\controller\index->index[ C:\wamp\www\potato\application\index\controller\Index.php ]
[ info ] [ VIEW ] C:\wamp\www\potato\public/../application/index\view\index\login.html [ array (
) ]
[ info ] [ LOG ] INIT File
---------------------------------------------------------------
[ 2018-05-01T23:50:01+08:00 ] 0.0.0.0 GET /potato/public/js/xadmin.js
[ info ] localhost/potato/public/js/xadmin.js [运行时间：0.043886s][吞吐率：22.79req/s] [内存消耗：1,530.19kb] [文件加载：38]
[ info ] [ LANG ] C:\wamp\www\potato\thinkphp\lang\zh-cn.php
[ info ] [ ROUTE ] array (
  'type' => 'module',
  'module' => 
  array (
    0 => 'js',
    1 => 'xadmin',
    2 => NULL,
  ),
)
[ info ] [ HEADER ] array (
  'host' => 'localhost',
  'connection' => 'keep-alive',
  'user-agent' => 'Mozilla/5.0 (Windows NT 10.0; WOW64) AppleWebKit/537.36 (KHTML, like Gecko) Chrome/63.0.3239.132 Safari/537.36',
  'accept' => '*/*',
  'referer' => 'http://localhost/potato/public/',
  'accept-encoding' => 'gzip, deflate, br',
  'accept-language' => 'zh-CN,zh;q=0.9',
  'cookie' => 'pgv_pvi=6639641600; PHPSESSID=cglc3umntdp0g1sbe8ck5eti04; admin_username=root; pgv_si=s3891678208; Hm_lvt_b393d153aeb26b46e9431fabaf0f6190=1525186830; Hm_lpvt_b393d153aeb26b46e9431fabaf0f6190=1525189685',
)
[ info ] [ PARAM ] array (
)
[ info ] [ LOG ] INIT File
---------------------------------------------------------------
[ 2018-05-01T23:50:01+08:00 ] 0.0.0.0 GET /potato/public/js/xadmin.js
[ info ] localhost/potato/public/js/xadmin.js [运行时间：0.030501s][吞吐率：32.79req/s] [内存消耗：1,530.19kb] [文件加载：38]
[ info ] [ LANG ] C:\wamp\www\potato\thinkphp\lang\zh-cn.php
[ info ] [ ROUTE ] array (
  'type' => 'module',
  'module' => 
  array (
    0 => 'js',
    1 => 'xadmin',
    2 => NULL,
  ),
)
[ info ] [ HEADER ] array (
  'host' => 'localhost',
  'connection' => 'keep-alive',
  'user-agent' => 'Mozilla/5.0 (Windows NT 10.0; WOW64) AppleWebKit/537.36 (KHTML, like Gecko) Chrome/63.0.3239.132 Safari/537.36',
  'accept' => '*/*',
  'referer' => 'http://localhost/potato/public/',
  'accept-encoding' => 'gzip, deflate, br',
  'accept-language' => 'zh-CN,zh;q=0.9',
  'cookie' => 'pgv_pvi=6639641600; PHPSESSID=cglc3umntdp0g1sbe8ck5eti04; admin_username=root; pgv_si=s3891678208; Hm_lvt_b393d153aeb26b46e9431fabaf0f6190=1525186830; Hm_lpvt_b393d153aeb26b46e9431fabaf0f6190=1525189685',
)
[ info ] [ PARAM ] array (
)
[ info ] [ LOG ] INIT File
---------------------------------------------------------------
[ 2018-05-01T23:50:01+08:00 ] 0.0.0.0 GET /potato/public/captcha
[ info ] localhost/potato/public/captcha [运行时间：0.051851s][吞吐率：19.29req/s] [内存消耗：1,553.95kb] [文件加载：37]
[ info ] [ LANG ] C:\wamp\www\potato\thinkphp\lang\zh-cn.php
[ info ] [ ROUTE ] array (
  'type' => 'method',
  'method' => 
  array (
    0 => '\\think\\captcha\\CaptchaController',
    1 => 'index',
  ),
  'var' => 
  array (
  ),
)
[ info ] [ HEADER ] array (
  'host' => 'localhost',
  'connection' => 'keep-alive',
  'user-agent' => 'Mozilla/5.0 (Windows NT 10.0; WOW64) AppleWebKit/537.36 (KHTML, like Gecko) Chrome/63.0.3239.132 Safari/537.36',
  'accept' => 'image/webp,image/apng,image/*,*/*;q=0.8',
  'referer' => 'http://localhost/potato/public/',
  'accept-encoding' => 'gzip, deflate, br',
  'accept-language' => 'zh-CN,zh;q=0.9',
  'cookie' => 'pgv_pvi=6639641600; PHPSESSID=cglc3umntdp0g1sbe8ck5eti04; admin_username=root; pgv_si=s3891678208; Hm_lvt_b393d153aeb26b46e9431fabaf0f6190=1525186830; Hm_lpvt_b393d153aeb26b46e9431fabaf0f6190=1525189685',
)
[ info ] [ PARAM ] array (
  'id' => NULL,
)
[ info ] [ RUN ] think\captcha\CaptchaController->index[ C:\wamp\www\potato\vendor\topthink\think-captcha\src\CaptchaController.php ]
[ info ] [ SESSION ] INIT array (
  'id' => '',
  'var_session_id' => '',
  'prefix' => 'think',
  'type' => '',
  'auto_start' => true,
)
[ info ] [ LOG ] INIT File
---------------------------------------------------------------
[ 2018-05-01T23:50:11+08:00 ] 0.0.0.0 GET /potato/public/captcha
[ info ] localhost/potato/public/captcha [运行时间：0.114666s][吞吐率：8.72req/s] [内存消耗：1,553.94kb] [文件加载：37]
[ info ] [ LANG ] C:\wamp\www\potato\thinkphp\lang\zh-cn.php
[ info ] [ ROUTE ] array (
  'type' => 'method',
  'method' => 
  array (
    0 => '\\think\\captcha\\CaptchaController',
    1 => 'index',
  ),
  'var' => 
  array (
  ),
)
[ info ] [ HEADER ] array (
  'host' => 'localhost',
  'connection' => 'keep-alive',
  'user-agent' => 'Mozilla/5.0 (Windows NT 10.0; WOW64) AppleWebKit/537.36 (KHTML, like Gecko) Chrome/63.0.3239.132 Safari/537.36',
  'accept' => 'image/webp,image/apng,image/*,*/*;q=0.8',
  'referer' => 'http://localhost/potato/public/',
  'accept-encoding' => 'gzip, deflate, br',
  'accept-language' => 'zh-CN,zh;q=0.9',
  'cookie' => 'pgv_pvi=6639641600; PHPSESSID=cglc3umntdp0g1sbe8ck5eti04; admin_username=root; pgv_si=s3891678208; Hm_lvt_b393d153aeb26b46e9431fabaf0f6190=1525186830; Hm_lpvt_b393d153aeb26b46e9431fabaf0f6190=1525189802',
)
[ info ] [ PARAM ] array (
  'id' => NULL,
)
[ info ] [ RUN ] think\captcha\CaptchaController->index[ C:\wamp\www\potato\vendor\topthink\think-captcha\src\CaptchaController.php ]
[ info ] [ SESSION ] INIT array (
  'id' => '',
  'var_session_id' => '',
  'prefix' => 'think',
  'type' => '',
  'auto_start' => true,
)
[ info ] [ LOG ] INIT File
---------------------------------------------------------------
[ 2018-05-01T23:50:27+08:00 ] 0.0.0.0 GET /potato/public/
[ info ] localhost/potato/public/ [运行时间：0.130976s][吞吐率：7.63req/s] [内存消耗：2,058.00kb] [文件加载：47]
[ info ] [ LANG ] C:\wamp\www\potato\thinkphp\lang\zh-cn.php
[ info ] [ ROUTE ] array (
  'type' => 'module',
  'module' => 
  array (
    0 => '',
    1 => NULL,
    2 => NULL,
  ),
)
[ info ] [ HEADER ] array (
  'host' => 'localhost',
  'connection' => 'keep-alive',
  'cache-control' => 'max-age=0',
  'upgrade-insecure-requests' => '1',
  'user-agent' => 'Mozilla/5.0 (Windows NT 10.0; WOW64) AppleWebKit/537.36 (KHTML, like Gecko) Chrome/63.0.3239.132 Safari/537.36',
  'accept' => 'text/html,application/xhtml+xml,application/xml;q=0.9,image/webp,image/apng,*/*;q=0.8',
  'referer' => 'http://localhost/potato/',
  'accept-encoding' => 'gzip, deflate, br',
  'accept-language' => 'zh-CN,zh;q=0.9',
  'cookie' => 'pgv_pvi=6639641600; PHPSESSID=cglc3umntdp0g1sbe8ck5eti04; admin_username=root; pgv_si=s3891678208; Hm_lvt_b393d153aeb26b46e9431fabaf0f6190=1525186830; Hm_lpvt_b393d153aeb26b46e9431fabaf0f6190=1525189802',
)
[ info ] [ PARAM ] array (
)
[ info ] [ RUN ] app\index\controller\index->index[ C:\wamp\www\potato\application\index\controller\Index.php ]
[ info ] [ VIEW ] C:\wamp\www\potato\public/../application/index\view\index\login.html [ array (
) ]
[ info ] [ LOG ] INIT File
---------------------------------------------------------------
[ 2018-05-01T23:50:27+08:00 ] 0.0.0.0 GET /potato/public/js/xadmin.js
[ info ] localhost/potato/public/js/xadmin.js [运行时间：0.062229s][吞吐率：16.07req/s] [内存消耗：1,530.19kb] [文件加载：38]
[ info ] [ LANG ] C:\wamp\www\potato\thinkphp\lang\zh-cn.php
[ info ] [ ROUTE ] array (
  'type' => 'module',
  'module' => 
  array (
    0 => 'js',
    1 => 'xadmin',
    2 => NULL,
  ),
)
[ info ] [ HEADER ] array (
  'host' => 'localhost',
  'connection' => 'keep-alive',
  'user-agent' => 'Mozilla/5.0 (Windows NT 10.0; WOW64) AppleWebKit/537.36 (KHTML, like Gecko) Chrome/63.0.3239.132 Safari/537.36',
  'accept' => '*/*',
  'referer' => 'http://localhost/potato/public/',
  'accept-encoding' => 'gzip, deflate, br',
  'accept-language' => 'zh-CN,zh;q=0.9',
  'cookie' => 'pgv_pvi=6639641600; PHPSESSID=cglc3umntdp0g1sbe8ck5eti04; admin_username=root; pgv_si=s3891678208; Hm_lvt_b393d153aeb26b46e9431fabaf0f6190=1525186830; Hm_lpvt_b393d153aeb26b46e9431fabaf0f6190=1525189802',
)
[ info ] [ PARAM ] array (
)
[ info ] [ LOG ] INIT File
---------------------------------------------------------------
[ 2018-05-01T23:50:27+08:00 ] 0.0.0.0 GET /potato/public/captcha
[ info ] localhost/potato/public/captcha [运行时间：0.057411s][吞吐率：17.42req/s] [内存消耗：1,553.94kb] [文件加载：37]
[ info ] [ LANG ] C:\wamp\www\potato\thinkphp\lang\zh-cn.php
[ info ] [ ROUTE ] array (
  'type' => 'method',
  'method' => 
  array (
    0 => '\\think\\captcha\\CaptchaController',
    1 => 'index',
  ),
  'var' => 
  array (
  ),
)
[ info ] [ HEADER ] array (
  'host' => 'localhost',
  'connection' => 'keep-alive',
  'user-agent' => 'Mozilla/5.0 (Windows NT 10.0; WOW64) AppleWebKit/537.36 (KHTML, like Gecko) Chrome/63.0.3239.132 Safari/537.36',
  'accept' => 'image/webp,image/apng,image/*,*/*;q=0.8',
  'referer' => 'http://localhost/potato/public/',
  'accept-encoding' => 'gzip, deflate, br',
  'accept-language' => 'zh-CN,zh;q=0.9',
  'cookie' => 'pgv_pvi=6639641600; PHPSESSID=cglc3umntdp0g1sbe8ck5eti04; admin_username=root; pgv_si=s3891678208; Hm_lvt_b393d153aeb26b46e9431fabaf0f6190=1525186830; Hm_lpvt_b393d153aeb26b46e9431fabaf0f6190=1525189802',
)
[ info ] [ PARAM ] array (
  'id' => NULL,
)
[ info ] [ RUN ] think\captcha\CaptchaController->index[ C:\wamp\www\potato\vendor\topthink\think-captcha\src\CaptchaController.php ]
[ info ] [ SESSION ] INIT array (
  'id' => '',
  'var_session_id' => '',
  'prefix' => 'think',
  'type' => '',
  'auto_start' => true,
)
[ info ] [ LOG ] INIT File
---------------------------------------------------------------
[ 2018-05-01T23:50:29+08:00 ] 0.0.0.0 GET /potato/public/
[ info ] localhost/potato/public/ [运行时间：0.106532s][吞吐率：9.39req/s] [内存消耗：1,897.80kb] [文件加载：45]
[ info ] [ LANG ] C:\wamp\www\potato\thinkphp\lang\zh-cn.php
[ info ] [ ROUTE ] array (
  'type' => 'module',
  'module' => 
  array (
    0 => '',
    1 => NULL,
    2 => NULL,
  ),
)
[ info ] [ HEADER ] array (
  'host' => 'localhost',
  'connection' => 'keep-alive',
  'cache-control' => 'max-age=0',
  'upgrade-insecure-requests' => '1',
  'user-agent' => 'Mozilla/5.0 (Windows NT 10.0; WOW64) AppleWebKit/537.36 (KHTML, like Gecko) Chrome/63.0.3239.132 Safari/537.36',
  'accept' => 'text/html,application/xhtml+xml,application/xml;q=0.9,image/webp,image/apng,*/*;q=0.8',
  'referer' => 'http://localhost/potato/',
  'accept-encoding' => 'gzip, deflate, br',
  'accept-language' => 'zh-CN,zh;q=0.9',
  'cookie' => 'pgv_pvi=6639641600; PHPSESSID=cglc3umntdp0g1sbe8ck5eti04; admin_username=root; pgv_si=s3891678208; Hm_lvt_b393d153aeb26b46e9431fabaf0f6190=1525186830; Hm_lpvt_b393d153aeb26b46e9431fabaf0f6190=1525189828',
)
[ info ] [ PARAM ] array (
)
[ info ] [ RUN ] app\index\controller\index->index[ C:\wamp\www\potato\application\index\controller\Index.php ]
[ info ] [ VIEW ] C:\wamp\www\potato\public/../application/index\view\index\login.html [ array (
) ]
[ info ] [ LOG ] INIT File
---------------------------------------------------------------
[ 2018-05-01T23:50:29+08:00 ] 0.0.0.0 GET /potato/public/js/xadmin.js
[ info ] localhost/potato/public/js/xadmin.js [运行时间：0.043439s][吞吐率：23.02req/s] [内存消耗：1,530.19kb] [文件加载：38]
[ info ] [ LANG ] C:\wamp\www\potato\thinkphp\lang\zh-cn.php
[ info ] [ ROUTE ] array (
  'type' => 'module',
  'module' => 
  array (
    0 => 'js',
    1 => 'xadmin',
    2 => NULL,
  ),
)
[ info ] [ HEADER ] array (
  'host' => 'localhost',
  'connection' => 'keep-alive',
  'user-agent' => 'Mozilla/5.0 (Windows NT 10.0; WOW64) AppleWebKit/537.36 (KHTML, like Gecko) Chrome/63.0.3239.132 Safari/537.36',
  'accept' => '*/*',
  'referer' => 'http://localhost/potato/public/',
  'accept-encoding' => 'gzip, deflate, br',
  'accept-language' => 'zh-CN,zh;q=0.9',
  'cookie' => 'pgv_pvi=6639641600; PHPSESSID=cglc3umntdp0g1sbe8ck5eti04; admin_username=root; pgv_si=s3891678208; Hm_lvt_b393d153aeb26b46e9431fabaf0f6190=1525186830; Hm_lpvt_b393d153aeb26b46e9431fabaf0f6190=1525189828',
)
[ info ] [ PARAM ] array (
)
[ info ] [ LOG ] INIT File
---------------------------------------------------------------
[ 2018-05-01T23:50:30+08:00 ] 0.0.0.0 GET /potato/public/captcha
[ info ] localhost/potato/public/captcha [运行时间：0.048762s][吞吐率：20.51req/s] [内存消耗：1,553.95kb] [文件加载：37]
[ info ] [ LANG ] C:\wamp\www\potato\thinkphp\lang\zh-cn.php
[ info ] [ ROUTE ] array (
  'type' => 'method',
  'method' => 
  array (
    0 => '\\think\\captcha\\CaptchaController',
    1 => 'index',
  ),
  'var' => 
  array (
  ),
)
[ info ] [ HEADER ] array (
  'host' => 'localhost',
  'connection' => 'keep-alive',
  'user-agent' => 'Mozilla/5.0 (Windows NT 10.0; WOW64) AppleWebKit/537.36 (KHTML, like Gecko) Chrome/63.0.3239.132 Safari/537.36',
  'accept' => 'image/webp,image/apng,image/*,*/*;q=0.8',
  'referer' => 'http://localhost/potato/public/',
  'accept-encoding' => 'gzip, deflate, br',
  'accept-language' => 'zh-CN,zh;q=0.9',
  'cookie' => 'pgv_pvi=6639641600; PHPSESSID=cglc3umntdp0g1sbe8ck5eti04; admin_username=root; pgv_si=s3891678208; Hm_lvt_b393d153aeb26b46e9431fabaf0f6190=1525186830; Hm_lpvt_b393d153aeb26b46e9431fabaf0f6190=1525189828',
)
[ info ] [ PARAM ] array (
  'id' => NULL,
)
[ info ] [ RUN ] think\captcha\CaptchaController->index[ C:\wamp\www\potato\vendor\topthink\think-captcha\src\CaptchaController.php ]
[ info ] [ SESSION ] INIT array (
  'id' => '',
  'var_session_id' => '',
  'prefix' => 'think',
  'type' => '',
  'auto_start' => true,
)
[ info ] [ LOG ] INIT File
---------------------------------------------------------------
[ 2018-05-01T23:51:09+08:00 ] 0.0.0.0 GET /potato/public/
[ info ] localhost/potato/public/ [运行时间：0.119993s][吞吐率：8.33req/s] [内存消耗：2,058.04kb] [文件加载：47]
[ info ] [ LANG ] C:\wamp\www\potato\thinkphp\lang\zh-cn.php
[ info ] [ ROUTE ] array (
  'type' => 'module',
  'module' => 
  array (
    0 => '',
    1 => NULL,
    2 => NULL,
  ),
)
[ info ] [ HEADER ] array (
  'host' => 'localhost',
  'connection' => 'keep-alive',
  'cache-control' => 'max-age=0',
  'upgrade-insecure-requests' => '1',
  'user-agent' => 'Mozilla/5.0 (Windows NT 10.0; WOW64) AppleWebKit/537.36 (KHTML, like Gecko) Chrome/63.0.3239.132 Safari/537.36',
  'accept' => 'text/html,application/xhtml+xml,application/xml;q=0.9,image/webp,image/apng,*/*;q=0.8',
  'referer' => 'http://localhost/potato/',
  'accept-encoding' => 'gzip, deflate, br',
  'accept-language' => 'zh-CN,zh;q=0.9',
  'cookie' => 'pgv_pvi=6639641600; PHPSESSID=cglc3umntdp0g1sbe8ck5eti04; admin_username=root; pgv_si=s3891678208; Hm_lvt_b393d153aeb26b46e9431fabaf0f6190=1525186830; Hm_lpvt_b393d153aeb26b46e9431fabaf0f6190=1525189830',
)
[ info ] [ PARAM ] array (
)
[ info ] [ RUN ] app\index\controller\index->index[ C:\wamp\www\potato\application\index\controller\Index.php ]
[ info ] [ VIEW ] C:\wamp\www\potato\public/../application/index\view\index\login.html [ array (
) ]
[ info ] [ LOG ] INIT File
---------------------------------------------------------------
[ 2018-05-01T23:51:09+08:00 ] 0.0.0.0 GET /potato/public/js/xadmin.js
[ info ] localhost/potato/public/js/xadmin.js [运行时间：0.035827s][吞吐率：27.91req/s] [内存消耗：1,530.19kb] [文件加载：38]
[ info ] [ LANG ] C:\wamp\www\potato\thinkphp\lang\zh-cn.php
[ info ] [ ROUTE ] array (
  'type' => 'module',
  'module' => 
  array (
    0 => 'js',
    1 => 'xadmin',
    2 => NULL,
  ),
)
[ info ] [ HEADER ] array (
  'host' => 'localhost',
  'connection' => 'keep-alive',
  'user-agent' => 'Mozilla/5.0 (Windows NT 10.0; WOW64) AppleWebKit/537.36 (KHTML, like Gecko) Chrome/63.0.3239.132 Safari/537.36',
  'accept' => '*/*',
  'referer' => 'http://localhost/potato/public/',
  'accept-encoding' => 'gzip, deflate, br',
  'accept-language' => 'zh-CN,zh;q=0.9',
  'cookie' => 'pgv_pvi=6639641600; PHPSESSID=cglc3umntdp0g1sbe8ck5eti04; admin_username=root; pgv_si=s3891678208; Hm_lvt_b393d153aeb26b46e9431fabaf0f6190=1525186830; Hm_lpvt_b393d153aeb26b46e9431fabaf0f6190=1525189830',
)
[ info ] [ PARAM ] array (
)
[ info ] [ LOG ] INIT File
---------------------------------------------------------------
[ 2018-05-01T23:51:09+08:00 ] 0.0.0.0 GET /potato/public/js/xadmin.js
[ info ] localhost/potato/public/js/xadmin.js [运行时间：0.070105s][吞吐率：14.26req/s] [内存消耗：1,530.19kb] [文件加载：38]
[ info ] [ LANG ] C:\wamp\www\potato\thinkphp\lang\zh-cn.php
[ info ] [ ROUTE ] array (
  'type' => 'module',
  'module' => 
  array (
    0 => 'js',
    1 => 'xadmin',
    2 => NULL,
  ),
)
[ info ] [ HEADER ] array (
  'host' => 'localhost',
  'connection' => 'keep-alive',
  'user-agent' => 'Mozilla/5.0 (Windows NT 10.0; WOW64) AppleWebKit/537.36 (KHTML, like Gecko) Chrome/63.0.3239.132 Safari/537.36',
  'accept' => '*/*',
  'referer' => 'http://localhost/potato/public/',
  'accept-encoding' => 'gzip, deflate, br',
  'accept-language' => 'zh-CN,zh;q=0.9',
  'cookie' => 'pgv_pvi=6639641600; PHPSESSID=cglc3umntdp0g1sbe8ck5eti04; admin_username=root; pgv_si=s3891678208; Hm_lvt_b393d153aeb26b46e9431fabaf0f6190=1525186830; Hm_lpvt_b393d153aeb26b46e9431fabaf0f6190=1525189830',
)
[ info ] [ PARAM ] array (
)
[ info ] [ LOG ] INIT File
---------------------------------------------------------------
[ 2018-05-01T23:51:09+08:00 ] 0.0.0.0 GET /potato/public/captcha
[ info ] localhost/potato/public/captcha [运行时间：0.129537s][吞吐率：7.72req/s] [内存消耗：1,553.95kb] [文件加载：37]
[ info ] [ LANG ] C:\wamp\www\potato\thinkphp\lang\zh-cn.php
[ info ] [ ROUTE ] array (
  'type' => 'method',
  'method' => 
  array (
    0 => '\\think\\captcha\\CaptchaController',
    1 => 'index',
  ),
  'var' => 
  array (
  ),
)
[ info ] [ HEADER ] array (
  'host' => 'localhost',
  'connection' => 'keep-alive',
  'user-agent' => 'Mozilla/5.0 (Windows NT 10.0; WOW64) AppleWebKit/537.36 (KHTML, like Gecko) Chrome/63.0.3239.132 Safari/537.36',
  'accept' => 'image/webp,image/apng,image/*,*/*;q=0.8',
  'referer' => 'http://localhost/potato/public/',
  'accept-encoding' => 'gzip, deflate, br',
  'accept-language' => 'zh-CN,zh;q=0.9',
  'cookie' => 'pgv_pvi=6639641600; PHPSESSID=cglc3umntdp0g1sbe8ck5eti04; admin_username=root; pgv_si=s3891678208; Hm_lvt_b393d153aeb26b46e9431fabaf0f6190=1525186830; Hm_lpvt_b393d153aeb26b46e9431fabaf0f6190=1525189830',
)
[ info ] [ PARAM ] array (
  'id' => NULL,
)
[ info ] [ RUN ] think\captcha\CaptchaController->index[ C:\wamp\www\potato\vendor\topthink\think-captcha\src\CaptchaController.php ]
[ info ] [ SESSION ] INIT array (
  'id' => '',
  'var_session_id' => '',
  'prefix' => 'think',
  'type' => '',
  'auto_start' => true,
)
[ info ] [ LOG ] INIT File
---------------------------------------------------------------
[ 2018-05-01T23:57:06+08:00 ] 0.0.0.0 GET /potato/public/
[ info ] localhost/potato/public/ [运行时间：0.077186s][吞吐率：12.96req/s] [内存消耗：1,897.79kb] [文件加载：45]
[ info ] [ LANG ] C:\wamp\www\potato\thinkphp\lang\zh-cn.php
[ info ] [ ROUTE ] array (
  'type' => 'module',
  'module' => 
  array (
    0 => '',
    1 => NULL,
    2 => NULL,
  ),
)
[ info ] [ HEADER ] array (
  'host' => 'localhost',
  'connection' => 'keep-alive',
  'cache-control' => 'max-age=0',
  'upgrade-insecure-requests' => '1',
  'user-agent' => 'Mozilla/5.0 (Windows NT 10.0; WOW64) AppleWebKit/537.36 (KHTML, like Gecko) Chrome/63.0.3239.132 Safari/537.36',
  'accept' => 'text/html,application/xhtml+xml,application/xml;q=0.9,image/webp,image/apng,*/*;q=0.8',
  'referer' => 'http://localhost/potato/',
  'accept-encoding' => 'gzip, deflate, br',
  'accept-language' => 'zh-CN,zh;q=0.9',
  'cookie' => 'pgv_pvi=6639641600; PHPSESSID=cglc3umntdp0g1sbe8ck5eti04; admin_username=root; pgv_si=s3891678208; Hm_lvt_b393d153aeb26b46e9431fabaf0f6190=1525186830; Hm_lpvt_b393d153aeb26b46e9431fabaf0f6190=1525189870',
)
[ info ] [ PARAM ] array (
)
[ info ] [ RUN ] app\index\controller\index->index[ C:\wamp\www\potato\application\index\controller\Index.php ]
[ info ] [ VIEW ] C:\wamp\www\potato\public/../application/index\view\index\login.html [ array (
) ]
[ info ] [ LOG ] INIT File
---------------------------------------------------------------
[ 2018-05-01T23:57:07+08:00 ] 0.0.0.0 GET /potato/public/js/xadmin.js
[ info ] localhost/potato/public/js/xadmin.js [运行时间：0.045826s][吞吐率：21.82req/s] [内存消耗：1,530.19kb] [文件加载：38]
[ info ] [ LANG ] C:\wamp\www\potato\thinkphp\lang\zh-cn.php
[ info ] [ ROUTE ] array (
  'type' => 'module',
  'module' => 
  array (
    0 => 'js',
    1 => 'xadmin',
    2 => NULL,
  ),
)
[ info ] [ HEADER ] array (
  'host' => 'localhost',
  'connection' => 'keep-alive',
  'user-agent' => 'Mozilla/5.0 (Windows NT 10.0; WOW64) AppleWebKit/537.36 (KHTML, like Gecko) Chrome/63.0.3239.132 Safari/537.36',
  'accept' => '*/*',
  'referer' => 'http://localhost/potato/public/',
  'accept-encoding' => 'gzip, deflate, br',
  'accept-language' => 'zh-CN,zh;q=0.9',
  'cookie' => 'pgv_pvi=6639641600; PHPSESSID=cglc3umntdp0g1sbe8ck5eti04; admin_username=root; pgv_si=s3891678208; Hm_lvt_b393d153aeb26b46e9431fabaf0f6190=1525186830; Hm_lpvt_b393d153aeb26b46e9431fabaf0f6190=1525189870',
)
[ info ] [ PARAM ] array (
)
[ info ] [ LOG ] INIT File
---------------------------------------------------------------
[ 2018-05-01T23:57:07+08:00 ] 0.0.0.0 GET /potato/public/captcha
[ info ] localhost/potato/public/captcha [运行时间：0.052318s][吞吐率：19.11req/s] [内存消耗：1,553.63kb] [文件加载：37]
[ info ] [ LANG ] C:\wamp\www\potato\thinkphp\lang\zh-cn.php
[ info ] [ ROUTE ] array (
  'type' => 'method',
  'method' => 
  array (
    0 => '\\think\\captcha\\CaptchaController',
    1 => 'index',
  ),
  'var' => 
  array (
  ),
)
[ info ] [ HEADER ] array (
  'host' => 'localhost',
  'connection' => 'keep-alive',
  'user-agent' => 'Mozilla/5.0 (Windows NT 10.0; WOW64) AppleWebKit/537.36 (KHTML, like Gecko) Chrome/63.0.3239.132 Safari/537.36',
  'accept' => 'image/webp,image/apng,image/*,*/*;q=0.8',
  'referer' => 'http://localhost/potato/public/',
  'accept-encoding' => 'gzip, deflate, br',
  'accept-language' => 'zh-CN,zh;q=0.9',
  'cookie' => 'pgv_pvi=6639641600; PHPSESSID=cglc3umntdp0g1sbe8ck5eti04; admin_username=root; pgv_si=s3891678208; Hm_lvt_b393d153aeb26b46e9431fabaf0f6190=1525186830; Hm_lpvt_b393d153aeb26b46e9431fabaf0f6190=1525189870',
)
[ info ] [ PARAM ] array (
  'id' => NULL,
)
[ info ] [ RUN ] think\captcha\CaptchaController->index[ C:\wamp\www\potato\vendor\topthink\think-captcha\src\CaptchaController.php ]
[ info ] [ SESSION ] INIT array (
  'id' => '',
  'var_session_id' => '',
  'prefix' => 'think',
  'type' => '',
  'auto_start' => true,
)
[ info ] [ LOG ] INIT File
---------------------------------------------------------------
[ 2018-05-01T23:57:07+08:00 ] 0.0.0.0 GET /potato/public/js/xadmin.js
[ info ] localhost/potato/public/js/xadmin.js [运行时间：0.033808s][吞吐率：29.58req/s] [内存消耗：1,530.19kb] [文件加载：38]
[ info ] [ LANG ] C:\wamp\www\potato\thinkphp\lang\zh-cn.php
[ info ] [ ROUTE ] array (
  'type' => 'module',
  'module' => 
  array (
    0 => 'js',
    1 => 'xadmin',
    2 => NULL,
  ),
)
[ info ] [ HEADER ] array (
  'host' => 'localhost',
  'connection' => 'keep-alive',
  'user-agent' => 'Mozilla/5.0 (Windows NT 10.0; WOW64) AppleWebKit/537.36 (KHTML, like Gecko) Chrome/63.0.3239.132 Safari/537.36',
  'accept' => '*/*',
  'referer' => 'http://localhost/potato/public/',
  'accept-encoding' => 'gzip, deflate, br',
  'accept-language' => 'zh-CN,zh;q=0.9',
  'cookie' => 'pgv_pvi=6639641600; PHPSESSID=cglc3umntdp0g1sbe8ck5eti04; admin_username=root; pgv_si=s3891678208; Hm_lvt_b393d153aeb26b46e9431fabaf0f6190=1525186830; Hm_lpvt_b393d153aeb26b46e9431fabaf0f6190=1525189870',
)
[ info ] [ PARAM ] array (
)
[ info ] [ LOG ] INIT File
---------------------------------------------------------------
[ 2018-05-01T23:57:21+08:00 ] 0.0.0.0 GET /potato/public/
[ info ] localhost/potato/public/ [运行时间：0.095189s][吞吐率：10.51req/s] [内存消耗：1,897.79kb] [文件加载：45]
[ info ] [ LANG ] C:\wamp\www\potato\thinkphp\lang\zh-cn.php
[ info ] [ ROUTE ] array (
  'type' => 'module',
  'module' => 
  array (
    0 => '',
    1 => NULL,
    2 => NULL,
  ),
)
[ info ] [ HEADER ] array (
  'host' => 'localhost',
  'connection' => 'keep-alive',
  'cache-control' => 'max-age=0',
  'upgrade-insecure-requests' => '1',
  'user-agent' => 'Mozilla/5.0 (Windows NT 10.0; WOW64) AppleWebKit/537.36 (KHTML, like Gecko) Chrome/63.0.3239.132 Safari/537.36',
  'accept' => 'text/html,application/xhtml+xml,application/xml;q=0.9,image/webp,image/apng,*/*;q=0.8',
  'referer' => 'http://localhost/potato/',
  'accept-encoding' => 'gzip, deflate, br',
  'accept-language' => 'zh-CN,zh;q=0.9',
  'cookie' => 'pgv_pvi=6639641600; PHPSESSID=cglc3umntdp0g1sbe8ck5eti04; admin_username=root; pgv_si=s3891678208; Hm_lvt_b393d153aeb26b46e9431fabaf0f6190=1525186830; Hm_lpvt_b393d153aeb26b46e9431fabaf0f6190=1525190228',
)
[ info ] [ PARAM ] array (
)
[ info ] [ RUN ] app\index\controller\index->index[ C:\wamp\www\potato\application\index\controller\Index.php ]
[ info ] [ VIEW ] C:\wamp\www\potato\public/../application/index\view\index\login.html [ array (
) ]
[ info ] [ LOG ] INIT File
---------------------------------------------------------------
[ 2018-05-01T23:57:21+08:00 ] 0.0.0.0 GET /potato/public/js/xadmin.js
[ info ] localhost/potato/public/js/xadmin.js [运行时间：0.065602s][吞吐率：15.24req/s] [内存消耗：1,530.19kb] [文件加载：38]
[ info ] [ LANG ] C:\wamp\www\potato\thinkphp\lang\zh-cn.php
[ info ] [ ROUTE ] array (
  'type' => 'module',
  'module' => 
  array (
    0 => 'js',
    1 => 'xadmin',
    2 => NULL,
  ),
)
[ info ] [ HEADER ] array (
  'host' => 'localhost',
  'connection' => 'keep-alive',
  'user-agent' => 'Mozilla/5.0 (Windows NT 10.0; WOW64) AppleWebKit/537.36 (KHTML, like Gecko) Chrome/63.0.3239.132 Safari/537.36',
  'accept' => '*/*',
  'referer' => 'http://localhost/potato/public/',
  'accept-encoding' => 'gzip, deflate, br',
  'accept-language' => 'zh-CN,zh;q=0.9',
  'cookie' => 'pgv_pvi=6639641600; PHPSESSID=cglc3umntdp0g1sbe8ck5eti04; admin_username=root; pgv_si=s3891678208; Hm_lvt_b393d153aeb26b46e9431fabaf0f6190=1525186830; Hm_lpvt_b393d153aeb26b46e9431fabaf0f6190=1525190228',
)
[ info ] [ PARAM ] array (
)
[ info ] [ LOG ] INIT File
---------------------------------------------------------------
[ 2018-05-01T23:57:22+08:00 ] 0.0.0.0 GET /potato/public/js/xadmin.js
[ info ] localhost/potato/public/js/xadmin.js [运行时间：0.055476s][吞吐率：18.03req/s] [内存消耗：1,530.19kb] [文件加载：38]
[ info ] [ LANG ] C:\wamp\www\potato\thinkphp\lang\zh-cn.php
[ info ] [ ROUTE ] array (
  'type' => 'module',
  'module' => 
  array (
    0 => 'js',
    1 => 'xadmin',
    2 => NULL,
  ),
)
[ info ] [ HEADER ] array (
  'host' => 'localhost',
  'connection' => 'keep-alive',
  'user-agent' => 'Mozilla/5.0 (Windows NT 10.0; WOW64) AppleWebKit/537.36 (KHTML, like Gecko) Chrome/63.0.3239.132 Safari/537.36',
  'accept' => '*/*',
  'referer' => 'http://localhost/potato/public/',
  'accept-encoding' => 'gzip, deflate, br',
  'accept-language' => 'zh-CN,zh;q=0.9',
  'cookie' => 'pgv_pvi=6639641600; PHPSESSID=cglc3umntdp0g1sbe8ck5eti04; admin_username=root; pgv_si=s3891678208; Hm_lvt_b393d153aeb26b46e9431fabaf0f6190=1525186830; Hm_lpvt_b393d153aeb26b46e9431fabaf0f6190=1525190228',
)
[ info ] [ PARAM ] array (
)
[ info ] [ LOG ] INIT File
---------------------------------------------------------------
[ 2018-05-01T23:57:22+08:00 ] 0.0.0.0 GET /potato/public/captcha
[ info ] localhost/potato/public/captcha [运行时间：0.064801s][吞吐率：15.43req/s] [内存消耗：1,553.55kb] [文件加载：37]
[ info ] [ LANG ] C:\wamp\www\potato\thinkphp\lang\zh-cn.php
[ info ] [ ROUTE ] array (
  'type' => 'method',
  'method' => 
  array (
    0 => '\\think\\captcha\\CaptchaController',
    1 => 'index',
  ),
  'var' => 
  array (
  ),
)
[ info ] [ HEADER ] array (
  'host' => 'localhost',
  'connection' => 'keep-alive',
  'user-agent' => 'Mozilla/5.0 (Windows NT 10.0; WOW64) AppleWebKit/537.36 (KHTML, like Gecko) Chrome/63.0.3239.132 Safari/537.36',
  'accept' => 'image/webp,image/apng,image/*,*/*;q=0.8',
  'referer' => 'http://localhost/potato/public/',
  'accept-encoding' => 'gzip, deflate, br',
  'accept-language' => 'zh-CN,zh;q=0.9',
  'cookie' => 'pgv_pvi=6639641600; PHPSESSID=cglc3umntdp0g1sbe8ck5eti04; admin_username=root; pgv_si=s3891678208; Hm_lvt_b393d153aeb26b46e9431fabaf0f6190=1525186830; Hm_lpvt_b393d153aeb26b46e9431fabaf0f6190=1525190228',
)
[ info ] [ PARAM ] array (
  'id' => NULL,
)
[ info ] [ RUN ] think\captcha\CaptchaController->index[ C:\wamp\www\potato\vendor\topthink\think-captcha\src\CaptchaController.php ]
[ info ] [ SESSION ] INIT array (
  'id' => '',
  'var_session_id' => '',
  'prefix' => 'think',
  'type' => '',
  'auto_start' => true,
)
[ info ] [ LOG ] INIT File
---------------------------------------------------------------
[ 2018-05-01T23:57:38+08:00 ] 0.0.0.0 POST /potato/public/
[ info ] localhost/potato/public/ [运行时间：0.074331s][吞吐率：13.45req/s] [内存消耗：1,898.27kb] [文件加载：45]
[ info ] [ LANG ] C:\wamp\www\potato\thinkphp\lang\zh-cn.php
[ info ] [ ROUTE ] array (
  'type' => 'module',
  'module' => 
  array (
    0 => '',
    1 => NULL,
    2 => NULL,
  ),
)
[ info ] [ HEADER ] array (
  'host' => 'localhost',
  'connection' => 'keep-alive',
  'content-length' => '36',
  'cache-control' => 'max-age=0',
  'origin' => 'http://localhost',
  'upgrade-insecure-requests' => '1',
  'user-agent' => 'Mozilla/5.0 (Windows NT 10.0; WOW64) AppleWebKit/537.36 (KHTML, like Gecko) Chrome/63.0.3239.132 Safari/537.36',
  'content-type' => 'application/x-www-form-urlencoded',
  'accept' => 'text/html,application/xhtml+xml,application/xml;q=0.9,image/webp,image/apng,*/*;q=0.8',
  'referer' => 'http://localhost/potato/public/',
  'accept-encoding' => 'gzip, deflate, br',
  'accept-language' => 'zh-CN,zh;q=0.9',
  'cookie' => 'pgv_pvi=6639641600; PHPSESSID=cglc3umntdp0g1sbe8ck5eti04; admin_username=root; pgv_si=s3891678208; Hm_lvt_b393d153aeb26b46e9431fabaf0f6190=1525186830; Hm_lpvt_b393d153aeb26b46e9431fabaf0f6190=1525190243',
)
[ info ] [ PARAM ] array (
  'name' => 'root',
  'password' => 'root',
  'captcha' => '5208',
)
[ info ] [ RUN ] app\index\controller\index->index[ C:\wamp\www\potato\application\index\controller\Index.php ]
[ info ] [ VIEW ] C:\wamp\www\potato\public/../application/index\view\index\login.html [ array (
) ]
[ info ] [ LOG ] INIT File
---------------------------------------------------------------
[ 2018-05-01T23:57:39+08:00 ] 0.0.0.0 POST /potato/public/index/index/check
[ info ] localhost/potato/public/index/index/check [运行时间：0.367472s][吞吐率：2.72req/s] [内存消耗：2,227.52kb] [文件加载：51]
[ info ] [ LANG ] C:\wamp\www\potato\thinkphp\lang\zh-cn.php
[ info ] [ ROUTE ] array (
  'type' => 'module',
  'module' => 
  array (
    0 => 'index',
    1 => 'index',
    2 => 'check',
  ),
)
[ info ] [ HEADER ] array (
  'host' => 'localhost',
  'connection' => 'keep-alive',
  'content-length' => '36',
  'accept' => 'application/json, text/javascript, */*; q=0.01',
  'origin' => 'http://localhost',
  'x-requested-with' => 'XMLHttpRequest',
  'user-agent' => 'Mozilla/5.0 (Windows NT 10.0; WOW64) AppleWebKit/537.36 (KHTML, like Gecko) Chrome/63.0.3239.132 Safari/537.36',
  'content-type' => 'application/x-www-form-urlencoded; charset=UTF-8',
  'referer' => 'http://localhost/potato/public/',
  'accept-encoding' => 'gzip, deflate, br',
  'accept-language' => 'zh-CN,zh;q=0.9',
  'cookie' => 'pgv_pvi=6639641600; PHPSESSID=cglc3umntdp0g1sbe8ck5eti04; admin_username=root; pgv_si=s3891678208; Hm_lvt_b393d153aeb26b46e9431fabaf0f6190=1525186830; Hm_lpvt_b393d153aeb26b46e9431fabaf0f6190=1525190243',
)
[ info ] [ PARAM ] array (
  'name' => 'root',
  'password' => 'root',
  'captcha' => '5208',
)
[ info ] [ RUN ] app\index\controller\index->check[ C:\wamp\www\potato\application\index\controller\Index.php ]
[ info ] [ SESSION ] INIT array (
  'id' => '',
  'var_session_id' => '',
  'prefix' => 'think',
  'type' => '',
  'auto_start' => true,
)
[ info ] [ DB ] INIT mysql
[ info ] [ LOG ] INIT File
[ sql ] [ DB ] CONNECT:[ UseTime:0.060492s ] mysql:host=114.115.185.173;dbname=psydev;charset=utf8
[ sql ] [ SQL ] select *from admin where username='root' and password=md5('root') [ RunTime:0.052400s ]
---------------------------------------------------------------
[ 2018-05-01T23:57:41+08:00 ] 0.0.0.0 GET /potato/public/js/xadmin.js
[ info ] localhost/potato/public/js/xadmin.js [运行时间：0.066421s][吞吐率：15.06req/s] [内存消耗：1,530.19kb] [文件加载：38]
[ info ] [ LANG ] C:\wamp\www\potato\thinkphp\lang\zh-cn.php
[ info ] [ ROUTE ] array (
  'type' => 'module',
  'module' => 
  array (
    0 => 'js',
    1 => 'xadmin',
    2 => NULL,
  ),
)
[ info ] [ HEADER ] array (
  'host' => 'localhost',
  'connection' => 'keep-alive',
  'user-agent' => 'Mozilla/5.0 (Windows NT 10.0; WOW64) AppleWebKit/537.36 (KHTML, like Gecko) Chrome/63.0.3239.132 Safari/537.36',
  'accept' => '*/*',
  'referer' => 'http://localhost/potato/public/',
  'accept-encoding' => 'gzip, deflate, br',
  'accept-language' => 'zh-CN,zh;q=0.9',
  'cookie' => 'pgv_pvi=6639641600; PHPSESSID=cglc3umntdp0g1sbe8ck5eti04; admin_username=root; pgv_si=s3891678208; Hm_lvt_b393d153aeb26b46e9431fabaf0f6190=1525186830; Hm_lpvt_b393d153aeb26b46e9431fabaf0f6190=1525190243',
)
[ info ] [ PARAM ] array (
)
[ info ] [ LOG ] INIT File
---------------------------------------------------------------
[ 2018-05-01T23:57:41+08:00 ] 0.0.0.0 GET /potato/public/captcha
[ info ] localhost/potato/public/captcha [运行时间：0.058325s][吞吐率：17.15req/s] [内存消耗：1,553.54kb] [文件加载：37]
[ info ] [ LANG ] C:\wamp\www\potato\thinkphp\lang\zh-cn.php
[ info ] [ ROUTE ] array (
  'type' => 'method',
  'method' => 
  array (
    0 => '\\think\\captcha\\CaptchaController',
    1 => 'index',
  ),
  'var' => 
  array (
  ),
)
[ info ] [ HEADER ] array (
  'host' => 'localhost',
  'connection' => 'keep-alive',
  'user-agent' => 'Mozilla/5.0 (Windows NT 10.0; WOW64) AppleWebKit/537.36 (KHTML, like Gecko) Chrome/63.0.3239.132 Safari/537.36',
  'accept' => 'image/webp,image/apng,image/*,*/*;q=0.8',
  'referer' => 'http://localhost/potato/public/',
  'accept-encoding' => 'gzip, deflate, br',
  'accept-language' => 'zh-CN,zh;q=0.9',
  'cookie' => 'pgv_pvi=6639641600; PHPSESSID=cglc3umntdp0g1sbe8ck5eti04; admin_username=root; pgv_si=s3891678208; Hm_lvt_b393d153aeb26b46e9431fabaf0f6190=1525186830; Hm_lpvt_b393d153aeb26b46e9431fabaf0f6190=1525190243',
)
[ info ] [ PARAM ] array (
  'id' => NULL,
)
[ info ] [ RUN ] think\captcha\CaptchaController->index[ C:\wamp\www\potato\vendor\topthink\think-captcha\src\CaptchaController.php ]
[ info ] [ SESSION ] INIT array (
  'id' => '',
  'var_session_id' => '',
  'prefix' => 'think',
  'type' => '',
  'auto_start' => true,
)
[ info ] [ LOG ] INIT File
---------------------------------------------------------------
[ 2018-05-01T23:57:41+08:00 ] 0.0.0.0 GET /potato/public/js/xadmin.js
[ info ] localhost/potato/public/js/xadmin.js [运行时间：0.043293s][吞吐率：23.10req/s] [内存消耗：1,530.19kb] [文件加载：38]
[ info ] [ LANG ] C:\wamp\www\potato\thinkphp\lang\zh-cn.php
[ info ] [ ROUTE ] array (
  'type' => 'module',
  'module' => 
  array (
    0 => 'js',
    1 => 'xadmin',
    2 => NULL,
  ),
)
[ info ] [ HEADER ] array (
  'host' => 'localhost',
  'connection' => 'keep-alive',
  'user-agent' => 'Mozilla/5.0 (Windows NT 10.0; WOW64) AppleWebKit/537.36 (KHTML, like Gecko) Chrome/63.0.3239.132 Safari/537.36',
  'accept' => '*/*',
  'referer' => 'http://localhost/potato/public/',
  'accept-encoding' => 'gzip, deflate, br',
  'accept-language' => 'zh-CN,zh;q=0.9',
  'cookie' => 'pgv_pvi=6639641600; PHPSESSID=cglc3umntdp0g1sbe8ck5eti04; admin_username=root; pgv_si=s3891678208; Hm_lvt_b393d153aeb26b46e9431fabaf0f6190=1525186830; Hm_lpvt_b393d153aeb26b46e9431fabaf0f6190=1525190243',
)
[ info ] [ PARAM ] array (
)
[ info ] [ LOG ] INIT File
